<?xml version="1.0" encoding="utf-8"?><testsuites name="pytest tests"><testsuite name="pytest" errors="0" failures="0" skipped="0" tests="7" time="2.086" timestamp="2026-05-03T19:40:31.596891+00:00" hostname="agent-env-6c3dc3c2-92a0-4d6e-b34b-79f32c7824b4"><testcase classname="backend.tests.test_performance_bulk_and_regressions.TestAuth" name="test_login_demo_returns_token_and_user" time="0.395" /><testcase classname="backend.tests.test_performance_bulk_and_regressions.TestAuth" name="test_auth_me_with_token" time="0.143" /><testcase classname="backend.tests.test_performance_bulk_and_regressions.TestBulkTrades" name="test_bulk_creates_and_get_reflects" time="0.466" /><testcase classname="backend.tests.test_performance_bulk_and_regressions.TestBulkTrades" name="test_bulk_rejects_without_auth" time="0.106" /><testcase classname="backend.tests.test_performance_bulk_and_regressions.TestBulkTrades" name="test_bulk_empty_array_returns_zero" time="0.166" /><testcase classname="backend.tests.test_performance_bulk_and_regressions.TestOptionsPayoffRegression" name="test_long_call_spec_exact" time="0.115" /><testcase classname="backend.tests.test_performance_bulk_and_regressions.TestStockRegression" name="test_stock_aapl_returns_price" time="0.621" /></testsuite></testsuites>