<?xml version="1.0" encoding="utf-8"?><testsuites name="pytest tests"><testsuite name="pytest" errors="0" failures="0" skipped="0" tests="52" time="37.057" timestamp="2026-04-25T12:20:00.757617+00:00" hostname="agent-env-6c3dc3c2-92a0-4d6e-b34b-79f32c7824b4"><testcase classname="tests.test_refactor_p1.TestMathEndpoints" name="test_payoff_long_call" time="0.123" /><testcase classname="tests.test_refactor_p1.TestMathEndpoints" name="test_greeks_long_call" time="0.108" /><testcase classname="tests.test_refactor_p1.TestMathEndpoints" name="test_pnl_attribution" time="0.147" /><testcase classname="tests.test_refactor_p1.TestMathEndpoints" name="test_assignment_itm_put" time="0.104" /><testcase classname="tests.test_refactor_p1.TestOptimize" name="test_optimize_aapl_bullish" time="0.366" /><testcase classname="tests.test_refactor_p1.TestOHLCRefactor" name="test_ohlc_btc_7d_hourly" time="0.188" /><testcase classname="tests.test_refactor_p1.TestOHLCRefactor" name="test_ohlc_eth_30d_4h" time="0.195" /><testcase classname="tests.test_refactor_p1.TestOHLCRefactor" name="test_ohlc_unknown_symbol_fallback" time="0.209" /><testcase classname="tests.test_refactor_p2.TestMathSpec" name="test_payoff_long_call_exact" time="0.112" /><testcase classname="tests.test_refactor_p2.TestMathSpec" name="test_greeks_long_call_exact" time="0.130" /><testcase classname="tests.test_refactor_p2.TestMathSpec" name="test_pnl_attribution_no_crash" time="0.101" /><testcase classname="tests.test_refactor_p2.TestMathSpec" name="test_assignment_sell_2_puts_exact" time="0.106" /><testcase classname="tests.test_refactor_p2.TestJournalStats" name="test_demo_user_zero_trades_schema" time="0.470" /><testcase classname="tests.test_refactor_p2.TestMonteCarlo" name="test_monte_carlo_statistics" time="0.118" /><testcase classname="tests.test_refactor_p2.TestBacktest" name="test_backtest_sma" time="0.112" /><testcase classname="tests.test_refactor_p2.TestIVRank" name="test_iv_rank_aapl_schema" time="0.362" /><testcase classname="tests.test_refactor_p2.TestOHLCSanity" name="test_ohlc_btc_7d_still_works" time="0.189" /><testcase classname="tests.test_refactor_p2.TestOptimize" name="test_optimize_aapl_bullish" time="0.242" /><testcase classname="tests.test_refactor_p3.TestUnusualOptions" name="test_unusual_aapl_returns_rows_with_full_schema" time="0.604" /><testcase classname="tests.test_refactor_p3.TestMarketFlow" name="test_market_flow_scanned_24_tickers" time="7.275" /><testcase classname="tests.test_refactor_p3.TestAIAnalyze" name="test_ai_analyze_long_call_returns_markdown" time="12.728" /><testcase classname="tests.test_refactor_p3.TestStockData" name="test_stock_aapl_full_schema" time="0.213" /><testcase classname="tests.test_refactor_p3.TestStockData" name="test_stock_aapl_second_call_uses_cache" time="0.229" /><testcase classname="tests.test_refactor_p3.TestStripeWebhook" name="test_webhook_endpoint_does_not_5xx" time="0.101" /><testcase classname="tests.test_stripe_payments.TestStripeCheckoutCreate" name="test_checkout_create_monthly_plan" time="0.945" /><testcase classname="tests.test_stripe_payments.TestStripeCheckoutCreate" name="test_checkout_create_quarterly_plan" time="0.851" /><testcase classname="tests.test_stripe_payments.TestStripeCheckoutCreate" name="test_checkout_create_annual_plan" time="0.870" /><testcase classname="tests.test_stripe_payments.TestStripeCheckoutCreate" name="test_checkout_create_lifetime_plan" time="0.823" /><testcase classname="tests.test_stripe_payments.TestStripeCheckoutCreate" name="test_checkout_create_sepa_payment" time="0.806" /><testcase classname="tests.test_stripe_payments.TestStripeCheckoutCreate" name="test_checkout_create_invalid_plan" time="0.451" /><testcase classname="tests.test_stripe_payments.TestStripeCheckoutCreate" name="test_checkout_create_requires_auth" time="0.107" /><testcase classname="tests.test_stripe_payments.TestStripeCheckoutStatus" name="test_checkout_status_returns_pending" time="0.976" /><testcase classname="tests.test_stripe_payments.TestStripeCheckoutStatus" name="test_checkout_status_not_found" time="0.449" /><testcase classname="tests.test_stripe_payments.TestStripeCheckoutStatus" name="test_checkout_status_requires_auth" time="0.968" /><testcase classname="tests.test_stripe_payments.TestSubscriptionPlans" name="test_plans_endpoint" time="0.117" /><testcase classname="tests.test_stripe_payments.TestStripeWebhook" name="test_webhook_endpoint_exists" time="0.103" /><testcase classname="tests.test_stripe_payments.TestNewUserCheckoutFlow" name="test_new_user_is_not_premium" time="0.343" /><testcase classname="tests.test_stripe_payments.TestNewUserCheckoutFlow" name="test_new_user_can_create_checkout" time="0.848" /><testcase classname="tests.test_stripe_payments.TestNewUserCheckoutFlow" name="test_new_user_checkout_status" time="0.946" /><testcase classname="tests.test_trading_calculator.TestHealthAndBasicAPIs" name="test_health_endpoint" time="0.104" /><testcase classname="tests.test_trading_calculator.TestHealthAndBasicAPIs" name="test_root_endpoint" time="0.151" /><testcase classname="tests.test_trading_calculator.TestHealthAndBasicAPIs" name="test_prices_endpoint" time="0.201" /><testcase classname="tests.test_trading_calculator.TestHealthAndBasicAPIs" name="test_forex_prices_endpoint" time="0.102" /><testcase classname="tests.test_trading_calculator.TestHealthAndBasicAPIs" name="test_indices_prices_endpoint" time="0.105" /><testcase classname="tests.test_trading_calculator.TestHealthAndBasicAPIs" name="test_plans_endpoint" time="0.101" /><testcase classname="tests.test_trading_calculator.TestAuthentication" name="test_demo_login" time="0.326" /><testcase classname="tests.test_trading_calculator.TestAuthentication" name="test_invalid_login" time="0.113" /><testcase classname="tests.test_trading_calculator.TestAuthentication" name="test_get_me_authenticated" time="0.433" /><testcase classname="tests.test_trading_calculator.TestAuthentication" name="test_get_me_unauthenticated" time="0.104" /><testcase classname="tests.test_trading_calculator.TestPremiumFeatures" name="test_monte_carlo_simulation" time="0.466" /><testcase classname="tests.test_trading_calculator.TestPremiumFeatures" name="test_backtest_simulation" time="0.449" /><testcase classname="tests.test_trading_calculator.TestOHLCData" name="test_ohlc_btc" time="0.174" /></testsuite></testsuites>