<?xml version="1.0" encoding="utf-8"?><testsuites name="pytest tests"><testsuite name="pytest" errors="0" failures="0" skipped="0" tests="8" time="2.108" timestamp="2026-04-25T11:21:58.777212+00:00" hostname="agent-env-6c3dc3c2-92a0-4d6e-b34b-79f32c7824b4"><testcase classname="backend.tests.test_refactor_p1.TestMathEndpoints" name="test_payoff_long_call" time="0.283" /><testcase classname="backend.tests.test_refactor_p1.TestMathEndpoints" name="test_greeks_long_call" time="0.101" /><testcase classname="backend.tests.test_refactor_p1.TestMathEndpoints" name="test_pnl_attribution" time="0.119" /><testcase classname="backend.tests.test_refactor_p1.TestMathEndpoints" name="test_assignment_itm_put" time="0.130" /><testcase classname="backend.tests.test_refactor_p1.TestOptimize" name="test_optimize_aapl_bullish" time="0.803" /><testcase classname="backend.tests.test_refactor_p1.TestOHLCRefactor" name="test_ohlc_btc_7d_hourly" time="0.222" /><testcase classname="backend.tests.test_refactor_p1.TestOHLCRefactor" name="test_ohlc_eth_30d_4h" time="0.188" /><testcase classname="backend.tests.test_refactor_p1.TestOHLCRefactor" name="test_ohlc_unknown_symbol_fallback" time="0.181" /></testsuite></testsuites>