<?xml version="1.0" encoding="utf-8"?><testsuites name="pytest tests"><testsuite name="pytest" errors="0" failures="0" skipped="0" tests="10" time="2.948" timestamp="2026-04-25T11:42:23.021926+00:00" hostname="agent-env-6c3dc3c2-92a0-4d6e-b34b-79f32c7824b4"><testcase classname="backend.tests.test_refactor_p2.TestMathSpec" name="test_payoff_long_call_exact" time="0.255" /><testcase classname="backend.tests.test_refactor_p2.TestMathSpec" name="test_greeks_long_call_exact" time="0.143" /><testcase classname="backend.tests.test_refactor_p2.TestMathSpec" name="test_pnl_attribution_no_crash" time="0.113" /><testcase classname="backend.tests.test_refactor_p2.TestMathSpec" name="test_assignment_sell_2_puts_exact" time="0.103" /><testcase classname="backend.tests.test_refactor_p2.TestJournalStats" name="test_demo_user_zero_trades_schema" time="0.447" /><testcase classname="backend.tests.test_refactor_p2.TestMonteCarlo" name="test_monte_carlo_statistics" time="0.112" /><testcase classname="backend.tests.test_refactor_p2.TestBacktest" name="test_backtest_sma" time="0.107" /><testcase classname="backend.tests.test_refactor_p2.TestIVRank" name="test_iv_rank_aapl_schema" time="0.794" /><testcase classname="backend.tests.test_refactor_p2.TestOHLCSanity" name="test_ohlc_btc_7d_still_works" time="0.211" /><testcase classname="backend.tests.test_refactor_p2.TestOptimize" name="test_optimize_aapl_bullish" time="0.575" /></testsuite></testsuites>