<?xml version="1.0" encoding="utf-8"?><testsuites name="pytest tests"><testsuite name="pytest" errors="0" failures="0" skipped="0" tests="15" time="2.675" timestamp="2026-05-03T17:36:46.235110+00:00" hostname="agent-env-6c3dc3c2-92a0-4d6e-b34b-79f32c7824b4"><testcase classname="backend.tests.test_universal_search_seo.TestUniversalSearch" name="test_search_aapl_returns_stocks" time="0.315" /><testcase classname="backend.tests.test_universal_search_seo.TestUniversalSearch" name="test_search_spy_returns_etfs" time="0.149" /><testcase classname="backend.tests.test_universal_search_seo.TestUniversalSearch" name="test_search_btc_returns_crypto" time="0.150" /><testcase classname="backend.tests.test_universal_search_seo.TestUniversalSearch" name="test_search_gspc_returns_indices" time="0.111" /><testcase classname="backend.tests.test_universal_search_seo.TestUniversalSearch" name="test_search_eur_returns_forex" time="0.104" /><testcase classname="backend.tests.test_universal_search_seo.TestUniversalSearch" name="test_search_gc_returns_commodities" time="0.104" /><testcase classname="backend.tests.test_universal_search_seo.TestUniversalSearch" name="test_search_empty_returns_popular_30" time="0.149" /><testcase classname="backend.tests.test_universal_search_seo.TestUniversalSearch" name="test_search_nonexistent_returns_empty" time="0.106" /><testcase classname="backend.tests.test_universal_search_seo.TestUniversalSearch" name="test_search_with_limit" time="0.104" /><testcase classname="backend.tests.test_universal_search_seo.TestUniversalSearch" name="test_search_short_query_a" time="0.110" /><testcase classname="backend.tests.test_universal_search_seo.TestUniversalSearch" name="test_search_lowercase_aapl" time="0.117" /><testcase classname="backend.tests.test_universal_search_seo.TestUniversalSearch" name="test_search_special_char_caret" time="0.107" /><testcase classname="backend.tests.test_universal_search_seo.TestOriginalSearch" name="test_search_aapl" time="0.723" /><testcase classname="backend.tests.test_universal_search_seo.TestSEOFiles" name="test_sitemap_reachable_and_has_options" time="0.110" /><testcase classname="backend.tests.test_universal_search_seo.TestSEOFiles" name="test_robots_reachable_and_has_sitemap" time="0.118" /></testsuite></testsuites>